<?xml version="1.0" encoding="UTF-8"?>
<!-- Generated by org.testng.reporters.JUnitXMLReporter -->
<testsuite ignored="2" hostname="mypc" failures="0" tests="2" name="Surefire test" time="24.745" errors="0" timestamp="2025-05-15T13:46:52 IST">
  <testcase classname="vtiger_contactTest.TocCreateContactTest" name="tocCreateContactTest_001" time="7.372"/>
  <testcase classname="vtiger_contactTest.ToCreateOrganizationTest" name="tocCreateContactTest_001" time="7.172"/>
  <testcase classname="vtiger_genericUtility.BaseClass" name="@BeforeSuite beforesuitconfig" time="0.0">
    <ignored/>
  </testcase> <!-- @BeforeSuite beforesuitconfig -->
  <testcase classname="vtiger_genericUtility.BaseClass" name="@AfterSuite aftersuit" time="0.0">
    <ignored/>
  </testcase> <!-- @AfterSuite aftersuit -->
</testsuite> <!-- Surefire test -->
