<?xml version="1.0" encoding="UTF-8"?>
<!-- Generated by org.testng.reporters.JUnitXMLReporter -->
<testsuite ignored="3" hostname="mypc" failures="0" tests="1" name="Test" time="12.324" errors="0" timestamp="2025-05-15T12:22:48 IST">
  <testcase classname="vtiger_contactTest.TocCreateContactTest" name="tocCreateContactTest_001" time="7.268"/>
  <testcase classname="vtiger_genericUtility.BaseClass" name="@BeforeSuite beforesuitconfig" time="0.0">
    <ignored/>
  </testcase> <!-- @BeforeSuite beforesuitconfig -->
  <testcase classname="vtiger_genericUtility.BaseClass" name="@AfterSuite aftersuit" time="0.0">
    <ignored/>
  </testcase> <!-- @AfterSuite aftersuit -->
  <testcase classname="vtiger_contactTest.ToCreateOrganizationTest" name="tocCreateContactTest_001" time="0.0">
    <ignored/>
  </testcase> <!-- tocCreateContactTest_001 -->
</testsuite> <!-- Test -->
