<?xml version="1.0" encoding="UTF-8"?>
<!-- Generated by org.testng.reporters.JUnitXMLReporter -->
<testsuite ignored="3" hostname="mypc" failures="0" tests="1" name="Test" time="0.269" errors="0" timestamp="2025-05-15T14:36:04 IST">
  <testcase classname="vtiger_genericUtility.BaseClass" name="@BeforeClass beforeclassconfig" time="0.001">
    <failure type="java.lang.NullPointerException" message="Cannot invoke &amp;quot;String.equalsIgnoreCase(String)&amp;quot; because &amp;quot;browser&amp;quot; is null">
      <![CDATA[java.lang.NullPointerException: Cannot invoke "String.equalsIgnoreCase(String)" because "browser" is null
at vtiger_genericUtility.BaseClass.beforeclassconfig(BaseClass.java:54)
at java.base/java.util.ArrayList.forEach(ArrayList.java:1596)
... Removed 23 stack frames]]>
    </failure>
  </testcase> <!-- @BeforeClass beforeclassconfig -->
  <testcase classname="vtiger_genericUtility.BaseClass" name="@BeforeMethod beforemethodconfig" time="-1.74729996452E9">
    <skipped/>
  </testcase> <!-- @BeforeMethod beforemethodconfig -->
  <testcase classname="vtiger_genericUtility.BaseClass" name="@AfterMethod afteremethodconfig" time="-1.74729996453E9">
    <skipped/>
  </testcase> <!-- @AfterMethod afteremethodconfig -->
  <testcase classname="vtiger_genericUtility.BaseClass" name="@AfterClass afterclassconfig" time="-1.747299964534E9">
    <skipped/>
  </testcase> <!-- @AfterClass afterclassconfig -->
  <testcase classname="vtiger_contactTest.TocCreateContactTest" name="tocCreateContactTest_001" time="0.0">
    <skipped/>
  </testcase> <!-- tocCreateContactTest_001 -->
  <testcase classname="vtiger_genericUtility.BaseClass" name="@BeforeSuite beforesuitconfig" time="0.0">
    <ignored/>
  </testcase> <!-- @BeforeSuite beforesuitconfig -->
  <testcase classname="vtiger_genericUtility.BaseClass" name="@AfterSuite aftersuit" time="0.0">
    <ignored/>
  </testcase> <!-- @AfterSuite aftersuit -->
  <testcase classname="vtiger_contactTest.ToCreateOrganizationTest" name="tocCreateContactTest_001" time="0.0">
    <ignored/>
  </testcase> <!-- tocCreateContactTest_001 -->
</testsuite> <!-- Test -->
