<?xml version="1.0" encoding="UTF-8"?>
<testng-results ignored="2" total="4" passed="2" failed="0" skipped="0">
  <reporter-output>
    <line>
      <![CDATA[----Data connection established----]]>
    </line>
    <line>
      <![CDATA[Browser got login----=========================------]]>
    </line>
    <line>
      <![CDATA[----Successfully login----------]]>
    </line>
    <line>
      <![CDATA[----Logout Successfully ----------]]>
    </line>
    <line>
      <![CDATA[----Browser got closed -------============---]]>
    </line>
    <line>
      <![CDATA[Browser got login----=========================------]]>
    </line>
    <line>
      <![CDATA[----Successfully login----------]]>
    </line>
    <line>
      <![CDATA[[ ACC35 ] Wipro538 - Organization Information]]>
    </line>
    <line>
      <![CDATA[Wipro]]>
    </line>
    <line>
      <![CDATA[----Logout Successfully ----------]]>
    </line>
    <line>
      <![CDATA[----Browser got closed -------============---]]>
    </line>
    <line>
      <![CDATA[----Database disconnected ----------]]>
    </line>
  </reporter-output>
  <suite started-at="2025-05-15T13:46:27 IST" name="Surefire suite" finished-at="2025-05-15T13:46:51 IST" duration-ms="24745">
    <groups>
      <group name="smoke">
        <method signature="TocCreateContactTest.tocCreateContactTest_001()[pri:0, instance:vtiger_contactTest.TocCreateContactTest@78047b92]" name="tocCreateContactTest_001" class="vtiger_contactTest.TocCreateContactTest"/>
      </group> <!-- smoke -->
      <group name="Regression">
        <method signature="ToCreateOrganizationTest.tocCreateContactTest_001()[pri:0, instance:vtiger_contactTest.ToCreateOrganizationTest@527e5409]" name="tocCreateContactTest_001" class="vtiger_contactTest.ToCreateOrganizationTest"/>
      </group> <!-- Regression -->
    </groups>
    <test started-at="2025-05-15T13:46:27 IST" name="Surefire test" finished-at="2025-05-15T13:46:51 IST" duration-ms="24745">
      <class name="vtiger_contactTest.TocCreateContactTest">
        <test-method is-config="true" signature="beforesuitconfig()[pri:0, instance:vtiger_contactTest.TocCreateContactTest@78047b92]" started-at="2025-05-15T13:46:27 IST" name="beforesuitconfig" finished-at="2025-05-15T13:46:27 IST" duration-ms="14" status="PASS">
          <reporter-output>
            <line>
              <![CDATA[----Data connection established----]]>
            </line>
          </reporter-output>
        </test-method> <!-- beforesuitconfig -->
        <test-method is-config="true" signature="beforeclassconfig()[pri:0, instance:vtiger_contactTest.TocCreateContactTest@78047b92]" started-at="2025-05-15T13:46:27 IST" name="beforeclassconfig" finished-at="2025-05-15T13:46:29 IST" duration-ms="2407" status="PASS">
          <reporter-output>
            <line>
              <![CDATA[Browser got login----=========================------]]>
            </line>
          </reporter-output>
        </test-method> <!-- beforeclassconfig -->
        <test-method is-config="true" signature="beforemethodconfig()[pri:0, instance:vtiger_contactTest.TocCreateContactTest@78047b92]" started-at="2025-05-15T13:46:29 IST" name="beforemethodconfig" finished-at="2025-05-15T13:46:31 IST" duration-ms="1755" status="PASS">
          <reporter-output>
            <line>
              <![CDATA[----Successfully login----------]]>
            </line>
          </reporter-output>
        </test-method> <!-- beforemethodconfig -->
        <test-method signature="tocCreateContactTest_001()[pri:0, instance:vtiger_contactTest.TocCreateContactTest@78047b92]" started-at="2025-05-15T13:46:31 IST" name="tocCreateContactTest_001" finished-at="2025-05-15T13:46:38 IST" duration-ms="7372" status="PASS">
          <reporter-output>
          </reporter-output>
        </test-method> <!-- tocCreateContactTest_001 -->
        <test-method is-config="true" signature="afteremethodconfig()[pri:0, instance:vtiger_contactTest.TocCreateContactTest@78047b92]" started-at="2025-05-15T13:46:38 IST" name="afteremethodconfig" finished-at="2025-05-15T13:46:39 IST" duration-ms="907" status="PASS">
          <reporter-output>
            <line>
              <![CDATA[----Logout Successfully ----------]]>
            </line>
          </reporter-output>
        </test-method> <!-- afteremethodconfig -->
        <test-method is-config="true" signature="afterclassconfig()[pri:0, instance:vtiger_contactTest.TocCreateContactTest@78047b92]" started-at="2025-05-15T13:46:39 IST" name="afterclassconfig" finished-at="2025-05-15T13:46:39 IST" duration-ms="157" status="PASS">
          <reporter-output>
            <line>
              <![CDATA[----Browser got closed -------============---]]>
            </line>
          </reporter-output>
        </test-method> <!-- afterclassconfig -->
        <test-method is-config="true" signature="aftersuit()[pri:0, instance:vtiger_contactTest.TocCreateContactTest@78047b92]" started-at="2025-05-15T13:46:52 IST" name="aftersuit" finished-at="2025-05-15T13:46:52 IST" duration-ms="0" status="PASS">
          <reporter-output>
            <line>
              <![CDATA[----Database disconnected ----------]]>
            </line>
          </reporter-output>
        </test-method> <!-- aftersuit -->
      </class> <!-- vtiger_contactTest.TocCreateContactTest -->
      <class name="vtiger_contactTest.ToCreateOrganizationTest">
        <test-method is-config="true" signature="beforeclassconfig()[pri:0, instance:vtiger_contactTest.ToCreateOrganizationTest@527e5409]" started-at="2025-05-15T13:46:39 IST" name="beforeclassconfig" finished-at="2025-05-15T13:46:41 IST" duration-ms="1782" status="PASS">
          <reporter-output>
            <line>
              <![CDATA[Browser got login----=========================------]]>
            </line>
          </reporter-output>
        </test-method> <!-- beforeclassconfig -->
        <test-method is-config="true" signature="beforemethodconfig()[pri:0, instance:vtiger_contactTest.ToCreateOrganizationTest@527e5409]" started-at="2025-05-15T13:46:41 IST" name="beforemethodconfig" finished-at="2025-05-15T13:46:43 IST" duration-ms="1760" status="PASS">
          <reporter-output>
            <line>
              <![CDATA[----Successfully login----------]]>
            </line>
          </reporter-output>
        </test-method> <!-- beforemethodconfig -->
        <test-method signature="tocCreateContactTest_001()[pri:0, instance:vtiger_contactTest.ToCreateOrganizationTest@527e5409]" started-at="2025-05-15T13:46:43 IST" name="tocCreateContactTest_001" finished-at="2025-05-15T13:46:50 IST" duration-ms="7172" status="PASS">
          <reporter-output>
            <line>
              <![CDATA[[ ACC35 ] Wipro538 - Organization Information]]>
            </line>
            <line>
              <![CDATA[Wipro]]>
            </line>
          </reporter-output>
        </test-method> <!-- tocCreateContactTest_001 -->
        <test-method is-config="true" signature="afteremethodconfig()[pri:0, instance:vtiger_contactTest.ToCreateOrganizationTest@527e5409]" started-at="2025-05-15T13:46:50 IST" name="afteremethodconfig" finished-at="2025-05-15T13:46:51 IST" duration-ms="1078" status="PASS">
          <reporter-output>
            <line>
              <![CDATA[----Logout Successfully ----------]]>
            </line>
          </reporter-output>
        </test-method> <!-- afteremethodconfig -->
        <test-method is-config="true" signature="afterclassconfig()[pri:0, instance:vtiger_contactTest.ToCreateOrganizationTest@527e5409]" started-at="2025-05-15T13:46:51 IST" name="afterclassconfig" finished-at="2025-05-15T13:46:51 IST" duration-ms="133" status="PASS">
          <reporter-output>
            <line>
              <![CDATA[----Browser got closed -------============---]]>
            </line>
          </reporter-output>
        </test-method> <!-- afterclassconfig -->
      </class> <!-- vtiger_contactTest.ToCreateOrganizationTest -->
    </test> <!-- Surefire test -->
  </suite> <!-- Surefire suite -->
</testng-results>
