<?xml version="1.0" encoding="UTF-8"?>
<testsuite xmlns:xsi="http://www.w3.org/2001/XMLSchema-instance" xsi:noNamespaceSchemaLocation="https://maven.apache.org/surefire/maven-surefire-plugin/xsd/surefire-test-report-3.0.xsd" version="3.0" name="TestSuite" time="25.514" tests="2" errors="0" skipped="0" failures="0">
  <properties>
[...]
</properties>
  <testcase name="tocCreateContactTest_001" classname="vtiger_contactTest.TocCreateContactTest" time="7.377">
    <system-out><![CDATA[----Data connection established----
--Suit execution Started--
Browser got login----=========================------
----Successfully login----------
tocCreateContactTest_001--Started--
Just testing
tocCreateContactTest_001--passed--
]]></system-out>
  </testcase>
  <testcase name="tocCreateContactTest_001" classname="vtiger_contactTest.ToCreateOrganizationTest" time="7.171">
    <system-out><![CDATA[----Logout Successfully ----------
----Browser got closed -------============---
Browser got login----=========================------
----Successfully login----------
tocCreateContactTest_001--Started--
[ ACC35 ] Wipro538 - Organization Information
Wipro
pass=======================================
tocCreateContactTest_001--passed--
]]></system-out>
  </testcase>
</testsuite>