<?xml version="1.0" encoding="UTF-8"?>
<testng-results ignored="3" total="4" passed="0" failed="0" skipped="1">
  <reporter-output>
    <line>
      <![CDATA[----Data connection established----]]>
    </line>
    <line>
      <![CDATA[----Database disconnected ----------]]>
    </line>
  </reporter-output>
  <suite started-at="2025-05-15T14:36:04 IST" name="Suite" finished-at="2025-05-15T14:36:04 IST" duration-ms="269">
    <groups>
      <group name="smoke">
        <method signature="TocCreateContactTest.tocCreateContactTest_001()[pri:0, instance:vtiger_contactTest.TocCreateContactTest@3a93b025]" name="tocCreateContactTest_001" class="vtiger_contactTest.TocCreateContactTest"/>
      </group> <!-- smoke -->
    </groups>
    <test started-at="2025-05-15T14:36:04 IST" name="Test" finished-at="2025-05-15T14:36:04 IST" duration-ms="269">
      <class name="vtiger_contactTest.TocCreateContactTest">
        <test-method is-config="true" signature="beforesuitconfig()[pri:0, instance:vtiger_contactTest.TocCreateContactTest@3a93b025]" started-at="2025-05-15T14:36:04 IST" name="beforesuitconfig" finished-at="2025-05-15T14:36:04 IST" duration-ms="14" status="PASS">
          <reporter-output>
            <line>
              <![CDATA[----Data connection established----]]>
            </line>
          </reporter-output>
        </test-method> <!-- beforesuitconfig -->
        <test-method is-config="true" signature="beforeclassconfig()[pri:0, instance:vtiger_contactTest.TocCreateContactTest@3a93b025]" started-at="2025-05-15T14:36:04 IST" name="beforeclassconfig" finished-at="2025-05-15T14:36:04 IST" duration-ms="1" status="FAIL">
          <exception class="java.lang.NullPointerException">
            <message>
              <![CDATA[Cannot invoke "String.equalsIgnoreCase(String)" because "browser" is null]]>
            </message>
            <full-stacktrace>
              <![CDATA[java.lang.NullPointerException: Cannot invoke "String.equalsIgnoreCase(String)" because "browser" is null
at vtiger_genericUtility.BaseClass.beforeclassconfig(BaseClass.java:54)
at java.base/jdk.internal.reflect.DirectMethodHandleAccessor.invoke(DirectMethodHandleAccessor.java:103)
at java.base/java.lang.reflect.Method.invoke(Method.java:580)
at org.testng.internal.MethodInvocationHelper.invokeMethod(MethodInvocationHelper.java:133)
at org.testng.internal.MethodInvocationHelper.invokeMethodConsideringTimeout(MethodInvocationHelper.java:62)
at org.testng.internal.ConfigInvoker.invokeConfigurationMethod(ConfigInvoker.java:385)
at org.testng.internal.ConfigInvoker.invokeConfigurations(ConfigInvoker.java:321)
at org.testng.internal.TestMethodWorker.invokeBeforeClassMethods(TestMethodWorker.java:176)
at org.testng.internal.TestMethodWorker.run(TestMethodWorker.java:122)
at java.base/java.util.ArrayList.forEach(ArrayList.java:1596)
at org.testng.TestRunner.privateRun(TestRunner.java:794)
at org.testng.TestRunner.run(TestRunner.java:596)
at org.testng.SuiteRunner.runTest(SuiteRunner.java:377)
at org.testng.SuiteRunner.runSequentially(SuiteRunner.java:371)
at org.testng.SuiteRunner.privateRun(SuiteRunner.java:332)
at org.testng.SuiteRunner.run(SuiteRunner.java:276)
at org.testng.SuiteRunnerWorker.runSuite(SuiteRunnerWorker.java:53)
at org.testng.SuiteRunnerWorker.run(SuiteRunnerWorker.java:96)
at org.testng.TestNG.runSuitesSequentially(TestNG.java:1212)
at org.testng.TestNG.runSuitesLocally(TestNG.java:1134)
at org.testng.TestNG.runSuites(TestNG.java:1063)
at org.testng.TestNG.run(TestNG.java:1031)
at org.testng.remote.AbstractRemoteTestNG.run(AbstractRemoteTestNG.java:115)
at org.testng.remote.RemoteTestNG.initAndRun(RemoteTestNG.java:293)
at org.testng.remote.RemoteTestNG.main(RemoteTestNG.java:91)
]]>
            </full-stacktrace>
          </exception> <!-- java.lang.NullPointerException -->
          <reporter-output>
          </reporter-output>
        </test-method> <!-- beforeclassconfig -->
        <test-method is-config="true" signature="beforemethodconfig()[pri:0, instance:vtiger_contactTest.TocCreateContactTest@3a93b025]" started-at="2025-05-15T14:36:04 IST" name="beforemethodconfig" finished-at="1970-01-01T05:30:00 IST" duration-ms="-1747299964520" status="SKIP">
          <reporter-output>
          </reporter-output>
        </test-method> <!-- beforemethodconfig -->
        <test-method signature="tocCreateContactTest_001()[pri:0, instance:vtiger_contactTest.TocCreateContactTest@3a93b025]" started-at="2025-05-15T14:36:04 IST" name="tocCreateContactTest_001" finished-at="2025-05-15T14:36:04 IST" duration-ms="0" status="SKIP">
          <exception class="java.lang.NullPointerException">
            <message>
              <![CDATA[Cannot invoke "String.equalsIgnoreCase(String)" because "browser" is null]]>
            </message>
            <full-stacktrace>
              <![CDATA[java.lang.NullPointerException: Cannot invoke "String.equalsIgnoreCase(String)" because "browser" is null
at vtiger_genericUtility.BaseClass.beforeclassconfig(BaseClass.java:54)
at java.base/jdk.internal.reflect.DirectMethodHandleAccessor.invoke(DirectMethodHandleAccessor.java:103)
at java.base/java.lang.reflect.Method.invoke(Method.java:580)
at org.testng.internal.MethodInvocationHelper.invokeMethod(MethodInvocationHelper.java:133)
at org.testng.internal.MethodInvocationHelper.invokeMethodConsideringTimeout(MethodInvocationHelper.java:62)
at org.testng.internal.ConfigInvoker.invokeConfigurationMethod(ConfigInvoker.java:385)
at org.testng.internal.ConfigInvoker.invokeConfigurations(ConfigInvoker.java:321)
at org.testng.internal.TestMethodWorker.invokeBeforeClassMethods(TestMethodWorker.java:176)
at org.testng.internal.TestMethodWorker.run(TestMethodWorker.java:122)
at java.base/java.util.ArrayList.forEach(ArrayList.java:1596)
at org.testng.TestRunner.privateRun(TestRunner.java:794)
at org.testng.TestRunner.run(TestRunner.java:596)
at org.testng.SuiteRunner.runTest(SuiteRunner.java:377)
at org.testng.SuiteRunner.runSequentially(SuiteRunner.java:371)
at org.testng.SuiteRunner.privateRun(SuiteRunner.java:332)
at org.testng.SuiteRunner.run(SuiteRunner.java:276)
at org.testng.SuiteRunnerWorker.runSuite(SuiteRunnerWorker.java:53)
at org.testng.SuiteRunnerWorker.run(SuiteRunnerWorker.java:96)
at org.testng.TestNG.runSuitesSequentially(TestNG.java:1212)
at org.testng.TestNG.runSuitesLocally(TestNG.java:1134)
at org.testng.TestNG.runSuites(TestNG.java:1063)
at org.testng.TestNG.run(TestNG.java:1031)
at org.testng.remote.AbstractRemoteTestNG.run(AbstractRemoteTestNG.java:115)
at org.testng.remote.RemoteTestNG.initAndRun(RemoteTestNG.java:293)
at org.testng.remote.RemoteTestNG.main(RemoteTestNG.java:91)
]]>
            </full-stacktrace>
          </exception> <!-- java.lang.NullPointerException -->
          <reporter-output>
          </reporter-output>
        </test-method> <!-- tocCreateContactTest_001 -->
        <test-method is-config="true" signature="afteremethodconfig()[pri:0, instance:vtiger_contactTest.TocCreateContactTest@3a93b025]" started-at="2025-05-15T14:36:04 IST" name="afteremethodconfig" finished-at="1970-01-01T05:30:00 IST" duration-ms="-1747299964530" status="SKIP">
          <reporter-output>
          </reporter-output>
        </test-method> <!-- afteremethodconfig -->
        <test-method is-config="true" signature="afterclassconfig()[pri:0, instance:vtiger_contactTest.TocCreateContactTest@3a93b025]" started-at="2025-05-15T14:36:04 IST" name="afterclassconfig" finished-at="1970-01-01T05:30:00 IST" duration-ms="-1747299964534" status="SKIP">
          <reporter-output>
          </reporter-output>
        </test-method> <!-- afterclassconfig -->
        <test-method is-config="true" signature="aftersuit()[pri:0, instance:vtiger_contactTest.TocCreateContactTest@3a93b025]" started-at="2025-05-15T14:36:04 IST" name="aftersuit" finished-at="2025-05-15T14:36:04 IST" duration-ms="1" status="PASS">
          <reporter-output>
            <line>
              <![CDATA[----Database disconnected ----------]]>
            </line>
          </reporter-output>
        </test-method> <!-- aftersuit -->
      </class> <!-- vtiger_contactTest.TocCreateContactTest -->
    </test> <!-- Test -->
  </suite> <!-- Suite -->
</testng-results>
