<?xml version="1.0" encoding="UTF-8"?>
<testng-results ignored="3" total="4" passed="1" failed="0" skipped="0">
  <reporter-output>
    <line>
      <![CDATA[----Data connection established----]]>
    </line>
    <line>
      <![CDATA[Browser got login----=========================------]]>
    </line>
    <line>
      <![CDATA[----Successfully login----------]]>
    </line>
    <line>
      <![CDATA[----Logout Successfully ----------]]>
    </line>
    <line>
      <![CDATA[----Browser got closed -------============---]]>
    </line>
    <line>
      <![CDATA[----Database disconnected ----------]]>
    </line>
  </reporter-output>
  <suite started-at="2025-05-15T12:22:35 IST" name="Suite" finished-at="2025-05-15T12:22:47 IST" duration-ms="12324">
    <groups>
      <group name="smoke">
        <method signature="TocCreateContactTest.tocCreateContactTest_001()[pri:0, instance:vtiger_contactTest.TocCreateContactTest@3a93b025]" name="tocCreateContactTest_001" class="vtiger_contactTest.TocCreateContactTest"/>
      </group> <!-- smoke -->
    </groups>
    <test started-at="2025-05-15T12:22:35 IST" name="Test" finished-at="2025-05-15T12:22:47 IST" duration-ms="12324">
      <class name="vtiger_contactTest.TocCreateContactTest">
        <test-method is-config="true" signature="beforesuitconfig()[pri:0, instance:vtiger_contactTest.TocCreateContactTest@3a93b025]" started-at="2025-05-15T12:22:35 IST" name="beforesuitconfig" finished-at="2025-05-15T12:22:35 IST" duration-ms="14" status="PASS">
          <reporter-output>
            <line>
              <![CDATA[----Data connection established----]]>
            </line>
          </reporter-output>
        </test-method> <!-- beforesuitconfig -->
        <test-method is-config="true" signature="beforeclassconfig()[pri:0, instance:vtiger_contactTest.TocCreateContactTest@3a93b025]" started-at="2025-05-15T12:22:35 IST" name="beforeclassconfig" finished-at="2025-05-15T12:22:38 IST" duration-ms="2116" status="PASS">
          <reporter-output>
            <line>
              <![CDATA[Browser got login----=========================------]]>
            </line>
          </reporter-output>
        </test-method> <!-- beforeclassconfig -->
        <test-method is-config="true" signature="beforemethodconfig()[pri:0, instance:vtiger_contactTest.TocCreateContactTest@3a93b025]" started-at="2025-05-15T12:22:38 IST" name="beforemethodconfig" finished-at="2025-05-15T12:22:39 IST" duration-ms="1612" status="PASS">
          <reporter-output>
            <line>
              <![CDATA[----Successfully login----------]]>
            </line>
          </reporter-output>
        </test-method> <!-- beforemethodconfig -->
        <test-method signature="tocCreateContactTest_001()[pri:0, instance:vtiger_contactTest.TocCreateContactTest@3a93b025]" started-at="2025-05-15T12:22:39 IST" name="tocCreateContactTest_001" finished-at="2025-05-15T12:22:46 IST" duration-ms="7268" status="PASS">
          <reporter-output>
          </reporter-output>
        </test-method> <!-- tocCreateContactTest_001 -->
        <test-method is-config="true" signature="afteremethodconfig()[pri:0, instance:vtiger_contactTest.TocCreateContactTest@3a93b025]" started-at="2025-05-15T12:22:46 IST" name="afteremethodconfig" finished-at="2025-05-15T12:22:47 IST" duration-ms="891" status="PASS">
          <reporter-output>
            <line>
              <![CDATA[----Logout Successfully ----------]]>
            </line>
          </reporter-output>
        </test-method> <!-- afteremethodconfig -->
        <test-method is-config="true" signature="afterclassconfig()[pri:0, instance:vtiger_contactTest.TocCreateContactTest@3a93b025]" started-at="2025-05-15T12:22:47 IST" name="afterclassconfig" finished-at="2025-05-15T12:22:47 IST" duration-ms="181" status="PASS">
          <reporter-output>
            <line>
              <![CDATA[----Browser got closed -------============---]]>
            </line>
          </reporter-output>
        </test-method> <!-- afterclassconfig -->
        <test-method is-config="true" signature="aftersuit()[pri:0, instance:vtiger_contactTest.TocCreateContactTest@3a93b025]" started-at="2025-05-15T12:22:48 IST" name="aftersuit" finished-at="2025-05-15T12:22:48 IST" duration-ms="0" status="PASS">
          <reporter-output>
            <line>
              <![CDATA[----Database disconnected ----------]]>
            </line>
          </reporter-output>
        </test-method> <!-- aftersuit -->
      </class> <!-- vtiger_contactTest.TocCreateContactTest -->
    </test> <!-- Test -->
  </suite> <!-- Suite -->
</testng-results>
